<?xml version="1.0" encoding="UTF-8"?>
<testsuite xmlns:xsi="http://www.w3.org/2001/XMLSchema-instance" xsi:noNamespaceSchemaLocation="https://maven.apache.org/surefire/maven-surefire-plugin/xsd/surefire-test-report-3.0.xsd" version="3.0" name="SubsetSumTest" time="0.093" tests="19" errors="0" skipped="0" failures="0">
  <properties>
[...]
</properties>
  <testcase name="Dynamic_TargetSumIs0_ReturnsTrue" classname="SubsetSumTest" time="0.047"/>
  <testcase name="Backtracking_TargetSumIsNegative_ReturnsFalse" classname="SubsetSumTest" time="0"/>
  <testcase name="Recursion_TheSetContainsOnly0_ReturnsFalse" classname="SubsetSumTest" time="0"/>
  <testcase name="Dynamic_TheSumIsNotInTheSet_ReturnsFalse" classname="SubsetSumTest" time="0"/>
  <testcase name="Dynamic_TheSetContainsZeros_ReturnsFalse" classname="SubsetSumTest" time="0"/>
  <testcase name="Recursion_TheSumIsInTheSet_ReturnsTrue" classname="SubsetSumTest" time="0.016"/>
  <testcase name="Backtracking_SetIsEmpty_ReturnsFalse" classname="SubsetSumTest" time="0"/>
  <testcase name="Backtracking_CurrentIndexIs1AndTheTargetSumIsNotInTheSubSet_ReturnsFalse" classname="SubsetSumTest" time="0"/>
  <testcase name="Recursion_TheSumIsNotInTheSet_ReturnsFalse" classname="SubsetSumTest" time="0"/>
  <testcase name="Dynamic_TheSumIsInTheSet_ReturnsTrue" classname="SubsetSumTest" time="0"/>
  <testcase name="Recursion_SetIsNull_ReturnsFalse" classname="SubsetSumTest" time="0"/>
  <testcase name="Dynamic_SetIsNull_ReturnsFalse" classname="SubsetSumTest" time="0"/>
  <testcase name="Recursion_TargetSumIsNegative_ReturnsFalse" classname="SubsetSumTest" time="0"/>
  <testcase name="Recursion_TargetSumIsNot0AndLengthIs0_ReturnsFalse" classname="SubsetSumTest" time="0"/>
  <testcase name="Backtracking_CurrentSumIsBiggerThanTargetSum_ReturnsFalse" classname="SubsetSumTest" time="0"/>
  <testcase name="Recursion_SetIsEmpty_ReturnsFalse" classname="SubsetSumTest" time="0"/>
  <testcase name="Dynamic_SetIsEmpty_ReturnsFalse" classname="SubsetSumTest" time="0"/>
  <testcase name="Backtracking_TargetSumIs0_ReturnsTrue" classname="SubsetSumTest" time="0"/>
  <testcase name="Recursion_TargetSumIs0_ReturnsTrue" classname="SubsetSumTest" time="0"/>
</testsuite>